2026-04-10 14:25:43,169 [INFO] Agent starting | Server: 192.168.1.100:8080 | Interval: 10s
2026-04-10 14:25:43,169 [INFO] SSL: ENABLED | HMAC auth: ENABLED
2026-04-10 14:25:43,170 [INFO] Connecting to 192.168.1.100:8080
2026-04-10 14:25:53,211 [INFO] Agent stopped.
2026-04-10 14:25:59,455 [INFO] Agent starting | Server: 192.168.137.145:8080 | Interval: 10s
2026-04-10 14:25:59,455 [INFO] SSL: ENABLED | HMAC auth: ENABLED
2026-04-10 14:25:59,456 [INFO] Connecting to 192.168.137.145:8080
2026-04-10 14:26:02,084 [INFO] Received challenge: 2f095396e5e365880806b70dc9efa5b5
2026-04-10 14:26:02,130 [INFO] Authenticated. Client ID: 64ee44e0-DESKTOP-9LAJVV0
2026-04-10 14:26:03,331 [INFO] Sent | CPU:4.7% MEM:23.2% DISK:1.1%
2026-04-10 14:26:14,536 [INFO] Sent | CPU:50.9% MEM:23.5% DISK:1.1%
2026-04-10 14:26:26,255 [INFO] Sent | CPU:5.4% MEM:23.6% DISK:1.1%
2026-04-10 14:26:38,258 [INFO] Sent | CPU:10.9% MEM:23.7% DISK:1.1%
2026-04-10 14:26:49,511 [INFO] Sent | CPU:12.1% MEM:23.9% DISK:1.1%
2026-04-10 14:27:00,842 [INFO] Sent | CPU:10.0% MEM:23.6% DISK:1.1%
2026-04-10 14:27:12,220 [INFO] Sent | CPU:15.0% MEM:23.5% DISK:1.1%
2026-04-10 14:27:24,083 [INFO] Sent | CPU:5.2% MEM:23.1% DISK:1.1%
2026-04-10 14:27:35,496 [INFO] Sent | CPU:5.2% MEM:22.7% DISK:1.1%
2026-04-10 14:27:46,678 [INFO] Sent | CPU:7.9% MEM:22.9% DISK:1.1%
2026-04-10 14:27:57,768 [INFO] Sent | CPU:6.1% MEM:22.6% DISK:1.1%
2026-04-10 14:28:09,144 [INFO] Sent | CPU:18.5% MEM:22.9% DISK:1.1%
2026-04-10 14:28:20,972 [INFO] Sent | CPU:13.3% MEM:23.1% DISK:1.1%
2026-04-10 14:28:32,619 [INFO] Sent | CPU:10.4% MEM:23.1% DISK:1.1%
2026-04-10 14:28:44,069 [INFO] Sent | CPU:6.3% MEM:23.2% DISK:1.1%
2026-04-10 14:28:56,836 [INFO] Sent | CPU:8.9% MEM:23.0% DISK:1.1%
2026-04-10 14:29:08,579 [INFO] Sent | CPU:11.2% MEM:23.0% DISK:1.1%
2026-04-10 14:29:19,941 [INFO] Sent | CPU:8.7% MEM:22.8% DISK:1.1%
2026-04-10 14:29:31,605 [INFO] Sent | CPU:3.4% MEM:22.8% DISK:1.1%
2026-04-10 14:29:43,482 [INFO] Sent | CPU:5.3% MEM:22.8% DISK:1.1%
2026-04-10 14:29:54,628 [INFO] Sent | CPU:4.4% MEM:22.8% DISK:1.1%
2026-04-10 14:30:06,447 [INFO] Sent | CPU:3.7% MEM:22.8% DISK:1.1%
2026-04-10 14:30:18,261 [INFO] Sent | CPU:7.0% MEM:22.8% DISK:1.1%
2026-04-10 14:30:29,378 [INFO] Sent | CPU:5.7% MEM:22.8% DISK:1.1%
2026-04-10 14:30:41,204 [INFO] Sent | CPU:3.4% MEM:22.8% DISK:1.1%
2026-04-10 14:30:52,434 [INFO] Sent | CPU:4.3% MEM:22.8% DISK:1.1%
2026-04-10 14:31:04,120 [INFO] Sent | CPU:5.8% MEM:22.8% DISK:1.1%
2026-04-10 14:31:15,247 [INFO] Sent | CPU:6.2% MEM:22.8% DISK:1.1%
2026-04-10 14:31:28,411 [INFO] Sent | CPU:15.9% MEM:22.8% DISK:1.1%
2026-04-10 14:31:39,807 [INFO] Sent | CPU:24.5% MEM:23.0% DISK:1.1%
2026-04-10 14:31:52,760 [INFO] Sent | CPU:21.9% MEM:23.3% DISK:1.1%
2026-04-10 14:32:03,893 [INFO] Sent | CPU:29.3% MEM:23.3% DISK:1.1%
2026-04-10 14:32:16,929 [INFO] Sent | CPU:5.6% MEM:23.3% DISK:1.1%
2026-04-10 14:32:29,135 [INFO] Sent | CPU:12.8% MEM:23.2% DISK:1.1%
2026-04-10 14:32:40,240 [INFO] Sent | CPU:11.4% MEM:23.1% DISK:1.1%
2026-04-10 14:32:51,420 [INFO] Sent | CPU:14.2% MEM:23.2% DISK:1.1%
2026-04-10 14:33:00,612 [INFO] Agent stopped.
2026-04-10 14:33:31,551 [INFO] Agent starting | Server: 192.168.137.145:8080 | Interval: 10s
2026-04-10 14:33:31,552 [INFO] SSL: ENABLED | HMAC auth: ENABLED
2026-04-10 14:33:31,553 [INFO] Connecting to 192.168.137.145:8080
2026-04-10 14:33:31,793 [INFO] Received challenge: ba0f2786b5c8b5e779a07273183caa53
2026-04-10 14:33:31,985 [INFO] Authenticated. Client ID: 2877b757-DESKTOP-9LAJVV0
2026-04-10 14:33:33,396 [INFO] Sent | CPU:11.6% MEM:23.2% DISK:1.1%
2026-04-10 14:33:44,721 [INFO] Sent | CPU:5.9% MEM:23.1% DISK:1.1%
2026-04-10 14:33:55,856 [INFO] Sent | CPU:7.1% MEM:23.1% DISK:1.1%
2026-04-10 14:34:07,828 [INFO] Sent | CPU:8.9% MEM:23.1% DISK:1.1%
2026-04-10 14:34:20,264 [INFO] Sent | CPU:6.5% MEM:22.9% DISK:1.1%
2026-04-10 14:34:32,562 [INFO] Sent | CPU:5.2% MEM:22.9% DISK:1.1%
2026-04-10 14:34:44,934 [INFO] Sent | CPU:4.7% MEM:22.9% DISK:1.1%
2026-04-10 14:34:56,496 [INFO] Sent | CPU:7.2% MEM:22.9% DISK:1.1%
2026-04-10 14:35:08,358 [INFO] Sent | CPU:4.8% MEM:22.9% DISK:1.1%
2026-04-10 14:35:20,443 [INFO] Sent | CPU:27.6% MEM:22.9% DISK:1.1%
2026-04-10 14:35:31,590 [INFO] Sent | CPU:5.8% MEM:22.9% DISK:1.1%
2026-04-10 14:35:43,008 [INFO] Sent | CPU:5.4% MEM:22.9% DISK:1.1%
2026-04-10 14:35:55,244 [INFO] Sent | CPU:5.4% MEM:22.9% DISK:1.1%
2026-04-10 14:36:07,153 [INFO] Sent | CPU:5.1% MEM:22.9% DISK:1.1%
2026-04-10 14:36:18,434 [INFO] Sent | CPU:9.1% MEM:22.9% DISK:1.1%
2026-04-10 14:36:29,883 [INFO] Sent | CPU:21.7% MEM:22.9% DISK:1.1%
2026-04-10 14:36:59,422 [INFO] Sent | CPU:10.0% MEM:23.0% DISK:1.1%
2026-04-10 14:37:10,463 [INFO] Sent | CPU:10.9% MEM:23.1% DISK:1.1%
2026-04-10 14:37:21,504 [INFO] Sent | CPU:5.9% MEM:23.1% DISK:1.1%
2026-04-10 14:37:32,544 [INFO] Sent | CPU:5.8% MEM:22.9% DISK:1.1%
2026-04-10 14:37:43,583 [INFO] Sent | CPU:7.8% MEM:22.9% DISK:1.1%
2026-04-10 14:37:54,621 [INFO] Sent | CPU:5.7% MEM:22.9% DISK:1.1%
2026-04-10 14:38:05,661 [INFO] Sent | CPU:8.8% MEM:22.9% DISK:1.1%
2026-04-10 14:38:16,707 [INFO] Sent | CPU:17.0% MEM:22.9% DISK:1.1%
2026-04-10 14:38:27,723 [INFO] Sent | CPU:11.2% MEM:22.9% DISK:1.1%
2026-04-10 14:38:38,761 [INFO] Sent | CPU:4.7% MEM:22.8% DISK:1.1%
2026-04-10 14:38:49,799 [INFO] Sent | CPU:5.7% MEM:22.8% DISK:1.1%
2026-04-10 14:39:00,836 [INFO] Sent | CPU:10.1% MEM:22.8% DISK:1.1%
2026-04-10 14:39:11,874 [INFO] Sent | CPU:4.6% MEM:22.8% DISK:1.1%
2026-04-10 14:39:22,913 [INFO] Sent | CPU:4.6% MEM:22.8% DISK:1.1%
2026-04-10 14:39:33,952 [INFO] Sent | CPU:5.7% MEM:22.8% DISK:1.1%
2026-04-10 14:39:44,993 [INFO] Sent | CPU:8.0% MEM:22.9% DISK:1.1%
2026-04-10 14:40:14,252 [WARNING] Connection lost: [WinError 10054] An existing connection was forcibly closed by the remote host. Reconnecting...
2026-04-10 14:40:16,255 [INFO] Connecting to 192.168.137.145:8080
2026-04-10 14:40:16,308 [WARNING] Connection failed: [WinError 10065] A socket operation was attempted to an unreachable host. Retrying in 2s
2026-04-10 14:40:18,309 [INFO] Connecting to 192.168.137.145:8080
2026-04-10 14:40:28,339 [WARNING] Connection failed: timed out. Retrying in 4s
2026-04-10 14:40:32,341 [INFO] Connecting to 192.168.137.145:8080
2026-04-10 14:40:36,320 [INFO] Received challenge: 9a0c2e22e2ced4e27fb2bd4dcc8d35a1
2026-04-10 14:40:36,455 [INFO] Authenticated. Client ID: 2877b757-DESKTOP-9LAJVV0
2026-04-10 14:40:38,454 [INFO] Sent | CPU:28.2% MEM:23.2% DISK:1.1%
2026-04-10 14:40:52,542 [WARNING] Connection lost: [WinError 10054] An existing connection was forcibly closed by the remote host. Reconnecting...
2026-04-10 14:40:54,579 [INFO] Connecting to 192.168.137.145:8080
2026-04-10 14:40:54,646 [WARNING] Connection failed: [WinError 10051] A socket operation was attempted to an unreachable network. Retrying in 2s
2026-04-10 14:40:56,650 [INFO] Connecting to 192.168.137.145:8080
2026-04-10 14:40:56,712 [WARNING] Connection failed: [WinError 10051] A socket operation was attempted to an unreachable network. Retrying in 4s
2026-04-10 14:41:00,714 [INFO] Connecting to 192.168.137.145:8080
2026-04-10 14:41:00,780 [WARNING] Connection failed: [WinError 10051] A socket operation was attempted to an unreachable network. Retrying in 8s
2026-04-10 14:41:08,782 [INFO] Connecting to 192.168.137.145:8080
2026-04-10 14:41:08,844 [WARNING] Connection failed: [WinError 10051] A socket operation was attempted to an unreachable network. Retrying in 16s
2026-04-10 14:41:24,846 [INFO] Connecting to 192.168.137.145:8080
2026-04-10 14:41:34,894 [WARNING] Connection failed: timed out. Retrying in 32s
2026-04-10 14:42:02,268 [INFO] Agent stopped.
2026-04-10 14:58:28,257 [INFO] Agent starting | Server: 192.168.137.145:8080 | Interval: 10s
2026-04-10 14:58:28,258 [INFO] SSL: ENABLED | HMAC auth: ENABLED
2026-04-10 14:58:28,259 [INFO] Connecting to 192.168.137.145:8080
2026-04-10 14:58:29,990 [INFO] Received challenge: 2be4ab5bd3e692c1838d7c0e51376b75
2026-04-10 14:58:30,227 [INFO] Authenticated. Client ID: f71b3e81-DESKTOP-9LAJVV0
2026-04-10 14:58:32,241 [INFO] Sent | CPU:9.2% MEM:23.0% DISK:1.1%
2026-04-10 14:58:44,241 [INFO] Sent | CPU:4.7% MEM:22.9% DISK:1.1%
2026-04-10 14:58:57,002 [INFO] Sent | CPU:2.8% MEM:22.9% DISK:1.1%
2026-04-10 14:59:09,734 [INFO] Sent | CPU:4.4% MEM:22.8% DISK:1.1%
2026-04-10 14:59:21,838 [INFO] Sent | CPU:5.0% MEM:22.8% DISK:1.1%
2026-04-10 14:59:33,709 [INFO] Sent | CPU:4.4% MEM:22.8% DISK:1.1%
2026-04-10 15:00:00,822 [INFO] Sent | CPU:17.3% MEM:22.9% DISK:1.1%
2026-04-10 15:00:11,858 [INFO] Sent | CPU:6.1% MEM:23.0% DISK:1.1%
2026-04-10 15:00:22,897 [INFO] Sent | CPU:4.5% MEM:22.9% DISK:1.1%
2026-04-10 15:00:33,936 [INFO] Sent | CPU:5.2% MEM:22.9% DISK:1.1%
2026-04-10 15:00:44,974 [INFO] Sent | CPU:4.8% MEM:22.9% DISK:1.1%
2026-04-10 15:00:56,012 [INFO] Sent | CPU:8.7% MEM:22.9% DISK:1.1%
2026-04-10 15:01:23,096 [WARNING] Connection lost: [Errno 10054] An existing connection was forcibly closed by the remote host. Reconnecting...
2026-04-10 15:01:25,099 [INFO] Connecting to 192.168.137.145:8080
2026-04-10 15:01:25,167 [WARNING] Connection failed: [WinError 10065] A socket operation was attempted to an unreachable host. Retrying in 2s
2026-04-10 15:01:27,169 [INFO] Connecting to 192.168.137.145:8080
2026-04-10 15:01:27,224 [WARNING] Connection failed: [WinError 10065] A socket operation was attempted to an unreachable host. Retrying in 4s
2026-04-10 15:01:31,226 [INFO] Connecting to 192.168.137.145:8080
2026-04-10 15:01:41,277 [WARNING] Connection failed: timed out. Retrying in 8s
2026-04-10 15:01:49,278 [INFO] Connecting to 192.168.137.145:8080
2026-04-10 15:01:49,333 [WARNING] Connection failed: [WinError 10065] A socket operation was attempted to an unreachable host. Retrying in 16s
2026-04-10 15:02:05,334 [INFO] Connecting to 192.168.137.145:8080
2026-04-10 15:02:05,398 [WARNING] Connection failed: [WinError 10065] A socket operation was attempted to an unreachable host. Retrying in 32s
2026-04-10 15:02:37,399 [INFO] Connecting to 192.168.137.145:8080
2026-04-10 15:02:37,460 [WARNING] Connection failed: [WinError 10065] A socket operation was attempted to an unreachable host. Retrying in 60s
2026-04-10 15:03:37,461 [INFO] Connecting to 192.168.137.145:8080
2026-04-10 15:03:37,528 [WARNING] Connection failed: [WinError 10065] A socket operation was attempted to an unreachable host. Retrying in 60s
2026-04-10 15:04:20,152 [INFO] Agent stopped.
2026-04-10 15:04:22,504 [INFO] Agent starting | Server: 192.168.137.145:8080 | Interval: 10s
2026-04-10 15:04:22,504 [INFO] SSL: ENABLED | HMAC auth: ENABLED
2026-04-10 15:04:22,504 [INFO] Connecting to 192.168.137.145:8080
2026-04-10 15:04:32,531 [INFO] Agent stopped.
2026-04-10 15:05:01,423 [INFO] Agent starting | Server: 192.168.137.152:8080 | Interval: 10s
2026-04-10 15:05:01,424 [INFO] SSL: ENABLED | HMAC auth: ENABLED
2026-04-10 15:05:01,424 [INFO] Connecting to 192.168.137.152:8080
2026-04-10 15:05:01,634 [INFO] Received challenge: a3388c16cc4aef3f1d7a97e09e28c9ca
2026-04-10 15:05:01,651 [INFO] Authenticated. Client ID: 915059c7-DESKTOP-9LAJVV0
2026-04-10 15:05:02,730 [INFO] Sent | CPU:3.7% MEM:23.1% DISK:1.1%
2026-04-10 15:05:14,005 [INFO] Sent | CPU:10.9% MEM:23.0% DISK:1.1%
2026-04-10 15:05:25,104 [INFO] Sent | CPU:8.9% MEM:23.2% DISK:1.1%
2026-04-10 15:05:36,261 [INFO] Sent | CPU:4.4% MEM:23.2% DISK:1.1%
2026-04-10 15:05:47,329 [INFO] Sent | CPU:3.5% MEM:23.1% DISK:1.1%
2026-04-10 15:05:58,492 [INFO] Sent | CPU:4.7% MEM:23.1% DISK:1.1%
2026-04-10 15:06:09,552 [INFO] Sent | CPU:5.0% MEM:23.0% DISK:1.1%
2026-04-10 15:06:20,696 [INFO] Sent | CPU:6.2% MEM:23.0% DISK:1.1%
2026-04-10 15:06:31,800 [INFO] Sent | CPU:4.0% MEM:23.0% DISK:1.1%
2026-04-10 15:06:42,931 [INFO] Sent | CPU:8.5% MEM:22.9% DISK:1.1%
2026-04-10 15:06:54,069 [INFO] Sent | CPU:4.3% MEM:22.9% DISK:1.1%
2026-04-10 15:07:05,169 [INFO] Sent | CPU:5.7% MEM:23.0% DISK:1.1%
2026-04-10 15:07:16,312 [INFO] Sent | CPU:4.8% MEM:23.0% DISK:1.1%
2026-04-10 15:07:27,539 [INFO] Sent | CPU:5.1% MEM:23.0% DISK:1.1%
2026-04-10 15:07:38,788 [INFO] Sent | CPU:6.3% MEM:22.9% DISK:1.1%
2026-04-10 15:07:50,129 [INFO] Sent | CPU:6.0% MEM:23.0% DISK:1.1%
2026-04-10 15:08:01,335 [INFO] Sent | CPU:8.9% MEM:23.0% DISK:1.1%
2026-04-10 15:08:12,610 [INFO] Sent | CPU:6.2% MEM:23.0% DISK:1.1%
2026-04-10 15:08:23,898 [INFO] Sent | CPU:4.4% MEM:23.0% DISK:1.1%
2026-04-10 15:08:35,297 [INFO] Sent | CPU:5.3% MEM:23.0% DISK:1.1%
2026-04-10 15:08:46,447 [INFO] Sent | CPU:4.8% MEM:23.0% DISK:1.1%
2026-04-10 15:08:57,614 [INFO] Sent | CPU:9.3% MEM:23.1% DISK:1.1%
2026-04-10 15:09:10,528 [INFO] Sent | CPU:4.4% MEM:23.1% DISK:1.1%
2026-04-10 15:09:22,055 [INFO] Sent | CPU:3.8% MEM:23.2% DISK:1.1%
2026-04-10 15:09:33,277 [INFO] Sent | CPU:5.9% MEM:23.3% DISK:1.1%
2026-04-10 15:09:45,495 [INFO] Sent | CPU:8.4% MEM:23.2% DISK:1.1%
2026-04-10 15:09:56,613 [INFO] Sent | CPU:4.0% MEM:23.2% DISK:1.1%
2026-04-10 15:10:07,716 [INFO] Sent | CPU:11.7% MEM:23.3% DISK:1.1%
2026-04-10 15:10:18,777 [INFO] Sent | CPU:4.7% MEM:23.2% DISK:1.1%
2026-04-10 15:10:29,873 [INFO] Sent | CPU:7.6% MEM:23.3% DISK:1.1%
2026-04-10 15:10:42,048 [INFO] Sent | CPU:4.9% MEM:23.2% DISK:1.1%
2026-04-10 15:10:53,172 [INFO] Sent | CPU:4.5% MEM:23.2% DISK:1.1%
2026-04-10 15:11:05,095 [INFO] Sent | CPU:4.3% MEM:23.2% DISK:1.1%
2026-04-10 15:11:16,241 [INFO] Sent | CPU:3.9% MEM:23.2% DISK:1.1%
2026-04-10 15:11:27,395 [INFO] Sent | CPU:7.5% MEM:23.3% DISK:1.1%
2026-04-10 15:11:38,477 [INFO] Sent | CPU:4.6% MEM:23.1% DISK:1.1%
2026-04-10 15:11:49,738 [INFO] Sent | CPU:7.2% MEM:23.0% DISK:1.1%
2026-04-10 15:12:00,934 [INFO] Sent | CPU:4.3% MEM:22.9% DISK:1.1%
2026-04-10 15:12:12,079 [INFO] Sent | CPU:5.0% MEM:22.9% DISK:1.1%
2026-04-10 15:12:23,275 [INFO] Sent | CPU:5.1% MEM:22.9% DISK:1.1%
2026-04-10 15:12:34,362 [INFO] Sent | CPU:3.5% MEM:22.9% DISK:1.1%
2026-04-10 15:12:45,693 [INFO] Sent | CPU:5.2% MEM:23.0% DISK:1.1%
2026-04-10 15:12:57,757 [INFO] Sent | CPU:3.2% MEM:23.0% DISK:1.1%
2026-04-10 15:13:08,865 [INFO] Sent | CPU:11.3% MEM:23.1% DISK:1.1%
2026-04-10 15:13:20,186 [INFO] Sent | CPU:10.3% MEM:23.2% DISK:1.1%
2026-04-10 15:13:31,335 [INFO] Sent | CPU:5.9% MEM:23.0% DISK:1.1%
2026-04-10 15:13:42,456 [INFO] Sent | CPU:3.2% MEM:23.0% DISK:1.1%
2026-04-10 15:13:53,567 [INFO] Sent | CPU:9.4% MEM:23.0% DISK:1.1%
2026-04-10 15:14:04,792 [INFO] Sent | CPU:3.5% MEM:23.1% DISK:1.1%
2026-04-10 15:14:15,918 [INFO] Sent | CPU:5.3% MEM:23.0% DISK:1.1%
2026-04-10 15:14:27,051 [INFO] Sent | CPU:2.8% MEM:22.8% DISK:1.1%
2026-04-10 15:14:39,285 [INFO] Sent | CPU:2.6% MEM:22.8% DISK:1.1%
2026-04-10 15:14:50,339 [INFO] Sent | CPU:4.0% MEM:22.8% DISK:1.1%
2026-04-10 15:15:01,429 [INFO] Sent | CPU:3.1% MEM:22.8% DISK:1.1%
2026-04-10 15:15:12,475 [INFO] Sent | CPU:2.7% MEM:22.8% DISK:1.1%
2026-04-10 15:15:23,633 [INFO] Sent | CPU:3.5% MEM:22.8% DISK:1.1%
2026-04-10 15:15:34,852 [INFO] Sent | CPU:2.9% MEM:22.8% DISK:1.1%
2026-04-10 15:15:45,931 [INFO] Sent | CPU:26.5% MEM:22.8% DISK:1.1%
2026-04-10 15:15:57,024 [INFO] Sent | CPU:3.3% MEM:22.8% DISK:1.1%
2026-04-10 15:16:08,197 [INFO] Sent | CPU:8.8% MEM:22.7% DISK:1.1%
2026-04-10 15:16:19,463 [INFO] Sent | CPU:4.4% MEM:23.0% DISK:1.1%
2026-04-10 15:16:30,606 [INFO] Sent | CPU:9.1% MEM:23.1% DISK:1.1%
2026-04-10 15:16:41,662 [INFO] Sent | CPU:6.8% MEM:23.1% DISK:1.1%
2026-04-10 15:16:52,671 [WARNING] Connection lost: [Errno 10054] An existing connection was forcibly closed by the remote host. Reconnecting...
2026-04-10 15:16:54,672 [INFO] Connecting to 192.168.137.152:8080
2026-04-10 15:17:04,685 [WARNING] Connection failed: timed out. Retrying in 2s
2026-04-10 15:17:06,686 [INFO] Connecting to 192.168.137.152:8080
2026-04-10 15:17:16,718 [WARNING] Connection failed: timed out. Retrying in 4s
2026-04-10 15:17:20,719 [INFO] Connecting to 192.168.137.152:8080
2026-04-10 15:17:30,734 [WARNING] Connection failed: timed out. Retrying in 8s
2026-04-10 15:17:38,736 [INFO] Connecting to 192.168.137.152:8080
2026-04-10 15:17:48,762 [WARNING] Connection failed: timed out. Retrying in 16s
2026-04-10 15:18:04,762 [INFO] Connecting to 192.168.137.152:8080
2026-04-10 15:18:14,783 [WARNING] Connection failed: timed out. Retrying in 32s
2026-04-10 15:18:46,785 [INFO] Connecting to 192.168.137.152:8080
2026-04-10 15:18:56,800 [WARNING] Connection failed: timed out. Retrying in 60s
2026-04-10 15:19:56,801 [INFO] Connecting to 192.168.137.152:8080
2026-04-10 15:19:59,997 [INFO] Received challenge: 8060e25b1c30e8d99b4096508ebacba0
2026-04-10 15:20:00,035 [INFO] Authenticated. Client ID: 915059c7-DESKTOP-9LAJVV0
2026-04-10 15:20:01,101 [WARNING] Connection lost: Server closed connection. Reconnecting...
2026-04-10 15:20:03,102 [INFO] Connecting to 192.168.137.152:8080
2026-04-10 15:20:03,223 [INFO] Received challenge: 807b1a9f80ecddc87deda9a2cc582489
2026-04-10 15:20:03,231 [INFO] Authenticated. Client ID: 915059c7-DESKTOP-9LAJVV0
2026-04-10 15:20:04,314 [WARNING] Connection lost: Server closed connection. Reconnecting...
2026-04-10 15:20:06,316 [INFO] Connecting to 192.168.137.152:8080
2026-04-10 15:20:06,386 [INFO] Received challenge: 650e65ac6b795221ca446ceda11d6dc0
2026-04-10 15:20:06,412 [INFO] Authenticated. Client ID: 915059c7-DESKTOP-9LAJVV0
2026-04-10 15:20:07,523 [WARNING] Connection lost: Server closed connection. Reconnecting...
2026-04-10 15:20:09,524 [INFO] Connecting to 192.168.137.152:8080
2026-04-10 15:20:09,653 [INFO] Received challenge: c68ebc7948224f36201892f4be23f56e
2026-04-10 15:20:09,662 [INFO] Authenticated. Client ID: 915059c7-DESKTOP-9LAJVV0
2026-04-10 15:20:10,800 [WARNING] Connection lost: Server closed connection. Reconnecting...
2026-04-10 15:20:12,803 [INFO] Connecting to 192.168.137.152:8080
2026-04-10 15:20:12,872 [INFO] Received challenge: 601967488ad7897b3ab3b0fa9a2e375f
2026-04-10 15:20:12,881 [INFO] Authenticated. Client ID: 915059c7-DESKTOP-9LAJVV0
2026-04-10 15:20:13,965 [WARNING] Connection lost: Server closed connection. Reconnecting...
2026-04-10 15:20:15,968 [INFO] Connecting to 192.168.137.152:8080
2026-04-10 15:20:16,149 [WARNING] Connection failed: [WinError 10054] An existing connection was forcibly closed by the remote host. Retrying in 2s
2026-04-10 15:20:18,150 [INFO] Connecting to 192.168.137.152:8080
2026-04-10 15:20:28,196 [WARNING] Connection failed: timed out. Retrying in 4s
2026-04-10 15:20:29,273 [INFO] Agent stopped.
